<?xml version="1.0" encoding="UTF-8"?>
<robot generator="Robot 5.0 (Python 3.10.4 on win32)" generated="20220602 23:20:04.465" rpa="false" schemaversion="3">
<suite id="s1" name="Amazon" source="C:\develompment\robotscripts\amazon\tests\amazon.robot">
<test id="s1-t1" name="User must sign in to check out" line="8">
<kw name="Open Browser" library="SeleniumLibrary">
<arg>http://www.amazon.com</arg>
<arg>${BROWSER}</arg>
<doc>Opens a new browser instance to the optional ``url``.</doc>
<msg timestamp="20220602 23:20:04.592" level="INFO">Opening browser 'firefox' to base url 'http://www.amazon.com'.</msg>
<msg timestamp="20220602 23:20:04.593" level="INFO">Firefox driver log is always forced to to: C:\develompment\robotscripts\amazon\Results\Firefox\geckodriver-5.log</msg>
<status status="PASS" starttime="20220602 23:20:04.592" endtime="20220602 23:20:10.263"/>
</kw>
<kw name="Input Text" library="SeleniumLibrary">
<arg>id=twotabsearchtextbox</arg>
<arg>Ferrari 458</arg>
<doc>Types the given ``text`` into the text field identified by ``locator``.</doc>
<msg timestamp="20220602 23:20:10.264" level="INFO">Typing text 'Ferrari 458' into text field 'id=twotabsearchtextbox'.</msg>
<status status="PASS" starttime="20220602 23:20:10.263" endtime="20220602 23:20:10.338"/>
</kw>
<kw name="Click Button" library="SeleniumLibrary">
<arg>xpath=//*[@id="nav-search-submit-button"]</arg>
<doc>Clicks the button identified by ``locator``.</doc>
<msg timestamp="20220602 23:20:10.339" level="INFO">Clicking button 'xpath=//*[@id="nav-search-submit-button"]'.</msg>
<status status="PASS" starttime="20220602 23:20:10.338" endtime="20220602 23:20:12.273"/>
</kw>
<kw name="Click Link" library="SeleniumLibrary">
<arg>xpath=//*[@id="search"]/div[1]/div[1]/div/span[3]/div[2]/div[2]/div/div/div/div/div/div/div[2]/div[1]/h2/a</arg>
<doc>Clicks a link identified by ``locator``.</doc>
<msg timestamp="20220602 23:20:12.273" level="INFO">Clicking link 'xpath=//*[@id="search"]/div[1]/div[1]/div/span[3]/div[2]/div[2]/div/div/div/div/div/div/div[2]/div[1]/h2/a'.</msg>
<status status="PASS" starttime="20220602 23:20:12.273" endtime="20220602 23:20:15.782"/>
</kw>
<kw name="Go To" library="SeleniumLibrary">
<arg>http://www.amazon.com</arg>
<doc>Navigates the current browser window to the provided ``url``.</doc>
<msg timestamp="20220602 23:20:15.782" level="INFO">Opening url 'http://www.amazon.com'</msg>
<status status="PASS" starttime="20220602 23:20:15.782" endtime="20220602 23:20:16.658"/>
</kw>
<kw name="Click Image" library="SeleniumLibrary">
<arg>Headsets</arg>
<doc>Clicks an image identified by ``locator``.</doc>
<msg timestamp="20220602 23:20:16.659" level="INFO">Clicking image 'Headsets'.</msg>
<status status="PASS" starttime="20220602 23:20:16.658" endtime="20220602 23:20:18.179"/>
</kw>
<kw name="Sleep" library="BuiltIn">
<arg>3s</arg>
<doc>Pauses the test executed for the given time.</doc>
<msg timestamp="20220602 23:20:21.192" level="INFO">Slept 3 seconds</msg>
<status status="PASS" starttime="20220602 23:20:18.180" endtime="20220602 23:20:21.192"/>
</kw>
<doc>This is some basic information about the test</doc>
<tag>Smoke</tag>
<status status="PASS" starttime="20220602 23:20:04.591" endtime="20220602 23:20:21.192"/>
</test>
<doc>This is some basic informations about the whole suite</doc>
<status status="PASS" starttime="20220602 23:20:04.466" endtime="20220602 23:20:21.193"/>
</suite>
<statistics>
<total>
<stat pass="1" fail="0" skip="0">All Tests</stat>
</total>
<tag>
<stat pass="1" fail="0" skip="0">Smoke</stat>
</tag>
<suite>
<stat pass="1" fail="0" skip="0" id="s1" name="Amazon">Amazon</stat>
</suite>
</statistics>
<errors>
</errors>
</robot>
