<?xml version="1.0" encoding="UTF-8"?>
<robot generator="Robot 5.0 (Python 3.10.4 on win32)" generated="20220607 21:14:58.453" rpa="false" schemaversion="3">
<suite id="s1" name="Amazon" source="C:\develompment\robotscripts\amazon\tests\amazon.robot">
<test id="s1-t1" name="User must sign in to check out" line="8">
<kw name="Open Browser" library="SeleniumLibrary">
<arg>http://www.amazon.com</arg>
<arg>${BROWSER}</arg>
<doc>Opens a new browser instance to the optional ``url``.</doc>
<msg timestamp="20220607 21:14:58.586" level="INFO">Opening browser 'firefox' to base url 'http://www.amazon.com'.</msg>
<msg timestamp="20220607 21:14:58.586" level="INFO">Firefox driver log is always forced to to: C:\develompment\robotscripts\amazon\Results\Firefox\geckodriver-12.log</msg>
<status status="PASS" starttime="20220607 21:14:58.585" endtime="20220607 21:15:04.510"/>
</kw>
<kw name="Input Text" library="SeleniumLibrary">
<arg>id=twotabsearchtextbox</arg>
<arg>Ferrari 458</arg>
<doc>Types the given ``text`` into the text field identified by ``locator``.</doc>
<msg timestamp="20220607 21:15:04.511" level="INFO">Typing text 'Ferrari 458' into text field 'id=twotabsearchtextbox'.</msg>
<status status="PASS" starttime="20220607 21:15:04.510" endtime="20220607 21:15:04.537"/>
</kw>
<kw name="Click Button" library="SeleniumLibrary">
<arg>xpath=//*[@id="nav-search-submit-button"]</arg>
<doc>Clicks the button identified by ``locator``.</doc>
<msg timestamp="20220607 21:15:04.537" level="INFO">Clicking button 'xpath=//*[@id="nav-search-submit-button"]'.</msg>
<status status="PASS" starttime="20220607 21:15:04.537" endtime="20220607 21:15:07.125"/>
</kw>
<kw name="Click Link" library="SeleniumLibrary">
<arg>xpath=//*[@id="search"]/div[1]/div[1]/div/span[3]/div[2]/div[2]/div/div/div/div/div/div/div[2]/div[1]/h2/a</arg>
<doc>Clicks a link identified by ``locator``.</doc>
<msg timestamp="20220607 21:15:07.126" level="INFO">Clicking link 'xpath=//*[@id="search"]/div[1]/div[1]/div/span[3]/div[2]/div[2]/div/div/div/div/div/div/div[2]/div[1]/h2/a'.</msg>
<status status="PASS" starttime="20220607 21:15:07.126" endtime="20220607 21:15:09.269"/>
</kw>
<kw name="Go To" library="SeleniumLibrary">
<arg>http://www.amazon.com</arg>
<doc>Navigates the current browser window to the provided ``url``.</doc>
<msg timestamp="20220607 21:15:09.269" level="INFO">Opening url 'http://www.amazon.com'</msg>
<status status="PASS" starttime="20220607 21:15:09.269" endtime="20220607 21:15:09.898"/>
</kw>
<kw name="Click Image" library="SeleniumLibrary">
<arg>Headsets</arg>
<doc>Clicks an image identified by ``locator``.</doc>
<msg timestamp="20220607 21:15:09.898" level="INFO">Clicking image 'Headsets'.</msg>
<status status="PASS" starttime="20220607 21:15:09.898" endtime="20220607 21:15:11.719"/>
</kw>
<kw name="Sleep" library="BuiltIn">
<arg>3s</arg>
<doc>Pauses the test executed for the given time.</doc>
<msg timestamp="20220607 21:15:14.726" level="INFO">Slept 3 seconds</msg>
<status status="PASS" starttime="20220607 21:15:11.720" endtime="20220607 21:15:14.726"/>
</kw>
<doc>This is some basic information about the test</doc>
<tag>Smoke</tag>
<status status="PASS" starttime="20220607 21:14:58.585" endtime="20220607 21:15:14.726"/>
</test>
<doc>This is some basic informations about the whole suite</doc>
<status status="PASS" starttime="20220607 21:14:58.454" endtime="20220607 21:15:14.726"/>
</suite>
<statistics>
<total>
<stat pass="1" fail="0" skip="0">All Tests</stat>
</total>
<tag>
<stat pass="1" fail="0" skip="0">Smoke</stat>
</tag>
<suite>
<stat pass="1" fail="0" skip="0" id="s1" name="Amazon">Amazon</stat>
</suite>
</statistics>
<errors>
</errors>
</robot>
