<?xml version="1.0" encoding="UTF-8"?>
<robot generator="Robot 5.0 (Python 3.10.4 on win32)" generated="20220615 19:44:37.185" rpa="false" schemaversion="3">
<suite id="s1" name="Amazon" source="C:\develompment\robotscripts\amazon\tests\amazon.robot">
<test id="s1-t1" name="User must sign in to check out" line="9">
<kw name="Begin Web Test" library="Common">
<kw name="Open Browser" library="SeleniumLibrary">
<arg>about:blank</arg>
<arg>${BROWSER}</arg>
<doc>Opens a new browser instance to the optional ``url``.</doc>
<msg timestamp="20220615 19:44:37.307" level="INFO">Opening browser 'chrome' to base url 'about:blank'.</msg>
<status status="PASS" starttime="20220615 19:44:37.307" endtime="20220615 19:44:38.306"/>
</kw>
<status status="PASS" starttime="20220615 19:44:37.307" endtime="20220615 19:44:38.306"/>
</kw>
<kw name="Search for Products" library="AmazonApp">
<kw name="Go To" library="SeleniumLibrary">
<arg>http://www.amazon.com</arg>
<doc>Navigates the current browser window to the provided ``url``.</doc>
<msg timestamp="20220615 19:44:38.306" level="INFO">Opening url 'http://www.amazon.com'</msg>
<status status="PASS" starttime="20220615 19:44:38.306" endtime="20220615 19:44:39.841"/>
</kw>
<kw name="Wait Until Page Contains" library="SeleniumLibrary">
<arg>Cart</arg>
<doc>Waits until ``text`` appears on the current page.</doc>
<status status="PASS" starttime="20220615 19:44:39.841" endtime="20220615 19:44:39.863"/>
</kw>
<kw name="Input Text" library="SeleniumLibrary">
<arg>id=twotabsearchtextbox</arg>
<arg>Ferrari 458</arg>
<doc>Types the given ``text`` into the text field identified by ``locator``.</doc>
<msg timestamp="20220615 19:44:39.863" level="INFO">Typing text 'Ferrari 458' into text field 'id=twotabsearchtextbox'.</msg>
<status status="PASS" starttime="20220615 19:44:39.863" endtime="20220615 19:44:39.947"/>
</kw>
<kw name="Click Button" library="SeleniumLibrary">
<arg>xpath=//*[@id="nav-search-submit-button"]</arg>
<doc>Clicks the button identified by ``locator``.</doc>
<msg timestamp="20220615 19:44:39.947" level="INFO">Clicking button 'xpath=//*[@id="nav-search-submit-button"]'.</msg>
<status status="PASS" starttime="20220615 19:44:39.947" endtime="20220615 19:44:41.882"/>
</kw>
<kw name="Wait Until Page Contains" library="SeleniumLibrary">
<arg>results</arg>
<doc>Waits until ``text`` appears on the current page.</doc>
<status status="PASS" starttime="20220615 19:44:41.882" endtime="20220615 19:44:41.908"/>
</kw>
<status status="PASS" starttime="20220615 19:44:38.306" endtime="20220615 19:44:41.908"/>
</kw>
<kw name="Select Product from Search Results" library="AmazonApp">
<kw name="Click Link" library="SeleniumLibrary">
<arg>xpath=//*[@id="search"]/div[1]/div[1]/div/span[3]/div[2]/div[2]/div/div/div/div/div/div/div[2]/div[1]/h2/a</arg>
<doc>Clicks a link identified by ``locator``.</doc>
<msg timestamp="20220615 19:44:41.909" level="INFO">Clicking link 'xpath=//*[@id="search"]/div[1]/div[1]/div/span[3]/div[2]/div[2]/div/div/div/div/div/div/div[2]/div[1]/h2/a'.</msg>
<status status="PASS" starttime="20220615 19:44:41.909" endtime="20220615 19:44:45.432"/>
</kw>
<kw name="Wait Until Page Contains" library="SeleniumLibrary">
<arg>Back to results</arg>
<doc>Waits until ``text`` appears on the current page.</doc>
<status status="PASS" starttime="20220615 19:44:45.432" endtime="20220615 19:44:45.461"/>
</kw>
<status status="PASS" starttime="20220615 19:44:41.909" endtime="20220615 19:44:45.461"/>
</kw>
<kw name="Add Product to card" library="AmazonApp">
<kw name="Click Button" library="SeleniumLibrary">
<arg>xpath=//input[@id='add-to-cart-button']</arg>
<doc>Clicks the button identified by ``locator``.</doc>
<msg timestamp="20220615 19:44:45.462" level="INFO">Clicking button 'xpath=//input[@id='add-to-cart-button']'.</msg>
<status status="PASS" starttime="20220615 19:44:45.462" endtime="20220615 19:44:47.061"/>
</kw>
<kw name="Wait Until Page Contains" library="SeleniumLibrary">
<arg>Added to Cart</arg>
<doc>Waits until ``text`` appears on the current page.</doc>
<status status="PASS" starttime="20220615 19:44:47.061" endtime="20220615 19:44:47.076"/>
</kw>
<status status="PASS" starttime="20220615 19:44:45.462" endtime="20220615 19:44:47.076"/>
</kw>
<kw name="Begin Checkout" library="AmazonApp">
<kw name="Click Button" library="SeleniumLibrary">
<arg>name=proceedToRetailCheckout</arg>
<doc>Clicks the button identified by ``locator``.</doc>
<msg timestamp="20220615 19:44:47.076" level="INFO">Clicking button 'name=proceedToRetailCheckout'.</msg>
<status status="PASS" starttime="20220615 19:44:47.076" endtime="20220615 19:44:48.538"/>
</kw>
<status status="PASS" starttime="20220615 19:44:47.076" endtime="20220615 19:44:48.539"/>
</kw>
<kw name="End Web Test" library="Common">
<kw name="Close Browser" library="SeleniumLibrary">
<doc>Closes the current browser.</doc>
<status status="PASS" starttime="20220615 19:44:48.539" endtime="20220615 19:44:50.641"/>
</kw>
<status status="PASS" starttime="20220615 19:44:48.539" endtime="20220615 19:44:50.641"/>
</kw>
<doc>This is some basic information about the test</doc>
<tag>Smoke</tag>
<status status="PASS" starttime="20220615 19:44:37.306" endtime="20220615 19:44:50.641"/>
</test>
<doc>This is some basic informations about the whole suite</doc>
<status status="PASS" starttime="20220615 19:44:37.186" endtime="20220615 19:44:50.642"/>
</suite>
<statistics>
<total>
<stat pass="1" fail="0" skip="0">All Tests</stat>
</total>
<tag>
<stat pass="1" fail="0" skip="0">Smoke</stat>
</tag>
<suite>
<stat pass="1" fail="0" skip="0" id="s1" name="Amazon">Amazon</stat>
</suite>
</statistics>
<errors>
</errors>
</robot>
